Determining if the pthread_create exist failed with the following output:
Change Dir: /home/wuzida/catkin_ws/src/ethzasl_msf/build-msf_core-unknown-Default/CMakeFiles/CMakeTmp

Run Build Command:"/usr/bin/make" "cmTC_4f2a1/fast"
/usr/bin/make -f CMakeFiles/cmTC_4f2a1.dir/build.make CMakeFiles/cmTC_4f2a1.dir/build
make[1]: 进入目录“/home/wuzida/catkin_ws/src/ethzasl_msf/build-msf_core-unknown-Default/CMakeFiles/CMakeTmp”
Building C object CMakeFiles/cmTC_4f2a1.dir/CheckSymbolExists.c.o
/usr/bin/gcc    -o CMakeFiles/cmTC_4f2a1.dir/CheckSymbolExists.c.o   -c /home/wuzida/catkin_ws/src/ethzasl_msf/build-msf_core-unknown-Default/CMakeFiles/CMakeTmp/CheckSymbolExists.c
Linking C executable cmTC_4f2a1
/usr/bin/cmake -E cmake_link_script CMakeFiles/cmTC_4f2a1.dir/link.txt --verbose=1
/usr/bin/gcc      -rdynamic CMakeFiles/cmTC_4f2a1.dir/CheckSymbolExists.c.o  -o cmTC_4f2a1 
CMakeFiles/cmTC_4f2a1.dir/CheckSymbolExists.c.o：在函数‘main’中：
CheckSymbolExists.c:(.text+0x1b)：对‘pthread_create’未定义的引用
collect2: error: ld returned 1 exit status
CMakeFiles/cmTC_4f2a1.dir/build.make:97: recipe for target 'cmTC_4f2a1' failed
make[1]: *** [cmTC_4f2a1] Error 1
make[1]: 离开目录“/home/wuzida/catkin_ws/src/ethzasl_msf/build-msf_core-unknown-Default/CMakeFiles/CMakeTmp”
Makefile:126: recipe for target 'cmTC_4f2a1/fast' failed
make: *** [cmTC_4f2a1/fast] Error 2

File /home/wuzida/catkin_ws/src/ethzasl_msf/build-msf_core-unknown-Default/CMakeFiles/CMakeTmp/CheckSymbolExists.c:
/* */
#include <pthread.h>

int main(int argc, char** argv)
{
  (void)argv;
#ifndef pthread_create
  return ((int*)(&pthread_create))[argc];
#else
  (void)argc;
  return 0;
#endif
}

Determining if the function pthread_create exists in the pthreads failed with the following output:
Change Dir: /home/wuzida/catkin_ws/src/ethzasl_msf/build-msf_core-unknown-Default/CMakeFiles/CMakeTmp

Run Build Command:"/usr/bin/make" "cmTC_9df97/fast"
/usr/bin/make -f CMakeFiles/cmTC_9df97.dir/build.make CMakeFiles/cmTC_9df97.dir/build
make[1]: 进入目录“/home/wuzida/catkin_ws/src/ethzasl_msf/build-msf_core-unknown-Default/CMakeFiles/CMakeTmp”
Building C object CMakeFiles/cmTC_9df97.dir/CheckFunctionExists.c.o
/usr/bin/gcc   -DCHECK_FUNCTION_EXISTS=pthread_create   -o CMakeFiles/cmTC_9df97.dir/CheckFunctionExists.c.o   -c /usr/share/cmake-3.10/Modules/CheckFunctionExists.c
Linking C executable cmTC_9df97
/usr/bin/cmake -E cmake_link_script CMakeFiles/cmTC_9df97.dir/link.txt --verbose=1
/usr/bin/gcc  -DCHECK_FUNCTION_EXISTS=pthread_create    -rdynamic CMakeFiles/cmTC_9df97.dir/CheckFunctionExists.c.o  -o cmTC_9df97 -lpthreads 
/usr/bin/ld: 找不到 -lpthreads
collect2: error: ld returned 1 exit status
CMakeFiles/cmTC_9df97.dir/build.make:97: recipe for target 'cmTC_9df97' failed
make[1]: *** [cmTC_9df97] Error 1
make[1]: 离开目录“/home/wuzida/catkin_ws/src/ethzasl_msf/build-msf_core-unknown-Default/CMakeFiles/CMakeTmp”
Makefile:126: recipe for target 'cmTC_9df97/fast' failed
make: *** [cmTC_9df97/fast] Error 2


